<?xml version="1.0" encoding="UTF-8"?>
<coverage generated="1786359716017" clover="3.2.0">
  <project timestamp="1786359716017" name="All files">
    <metrics statements="25" coveredstatements="22" conditionals="20" coveredconditionals="17" methods="16" coveredmethods="13" elements="61" coveredelements="52" complexity="0" loc="25" ncloc="25" packages="1" files="4" classes="4"/>
    <file name="AgendarPage.jsx" path="G:\qa-citas-medicas-v2-frontend\frontend-citas-fhir\src\pages\AgendarPage.jsx">
      <metrics statements="10" coveredstatements="9" conditionals="2" coveredconditionals="2" methods="7" coveredmethods="6"/>
      <line num="4" count="6" type="stmt"/>
      <line num="13" count="6" type="stmt"/>
      <line num="14" count="1" type="stmt"/>
      <line num="15" count="1" type="stmt"/>
      <line num="18" count="6" type="stmt"/>
      <line num="27" count="1" type="stmt"/>
      <line num="40" count="1" type="stmt"/>
      <line num="53" count="1" type="stmt"/>
      <line num="62" count="1" type="stmt"/>
      <line num="74" count="0" type="stmt"/>
    </file>
    <file name="EspecialidadesPage.jsx" path="G:\qa-citas-medicas-v2-frontend\frontend-citas-fhir\src\pages\EspecialidadesPage.jsx">
      <metrics statements="2" coveredstatements="2" conditionals="4" coveredconditionals="2" methods="2" coveredmethods="2"/>
      <line num="5" count="1" type="stmt"/>
      <line num="12" count="2" type="stmt"/>
    </file>
    <file name="LoginPage.jsx" path="G:\qa-citas-medicas-v2-frontend\frontend-citas-fhir\src\pages\LoginPage.jsx">
      <metrics statements="9" coveredstatements="7" conditionals="4" coveredconditionals="3" methods="4" coveredmethods="2"/>
      <line num="4" count="2" type="stmt"/>
      <line num="5" count="2" type="stmt"/>
      <line num="7" count="2" type="stmt"/>
      <line num="8" count="1" type="stmt"/>
      <line num="9" count="1" type="cond" truecount="3" falsecount="1"/>
      <line num="10" count="1" type="stmt"/>
      <line num="14" count="2" type="stmt"/>
      <line num="23" count="0" type="stmt"/>
      <line num="32" count="0" type="stmt"/>
    </file>
    <file name="MisCitasPage.jsx" path="G:\qa-citas-medicas-v2-frontend\frontend-citas-fhir\src\pages\MisCitasPage.jsx">
      <metrics statements="4" coveredstatements="4" conditionals="10" coveredconditionals="10" methods="3" coveredmethods="3"/>
      <line num="4" count="4" type="stmt"/>
      <line num="15" count="4" type="stmt"/>
      <line num="16" count="4" type="stmt"/>
      <line num="32" count="1" type="stmt"/>
    </file>
  </project>
</coverage>
