{"G:\\qa-citas-medicas-v2-frontend\\frontend-citas-fhir\\src\\pages\\AgendarPage.jsx": {"path":"G:\\qa-citas-medicas-v2-frontend\\frontend-citas-fhir\\src\\pages\\AgendarPage.jsx","statementMap":{"0":{"start":{"line":4,"column":34},"end":{"line":11,"column":4}},"1":{"start":{"line":13,"column":23},"end":{"line":32,"column":3}},"2":{"start":{"line":14,"column":4},"end":{"line":14,"column":23}},"3":{"start":{"line":15,"column":4},"end":{"line":15,"column":24}},"4":{"start":{"line":18,"column":28},"end":{"line":20,"column":22}},"5":{"start":{"line":22,"column":25},"end":{"line":29,"column":5}},"6":{"start":{"line":31,"column":4},"end":{"line":31,"column":28}},"7":{"start":{"line":34,"column":2},"end":{"line":101,"column":4}},"8":{"start":{"line":43,"column":31},"end":{"line":43,"column":89}},"9":{"start":{"line":56,"column":31},"end":{"line":56,"column":87}},"10":{"start":{"line":69,"column":31},"end":{"line":69,"column":89}},"11":{"start":{"line":78,"column":31},"end":{"line":78,"column":86}},"12":{"start":{"line":90,"column":31},"end":{"line":90,"column":82}}},"fnMap":{"0":{"name":"AgendarPage","decl":{"start":{"line":3,"column":24},"end":{"line":3,"column":35}},"loc":{"start":{"line":3,"column":61},"end":{"line":102,"column":1}},"line":3},"1":{"name":"(anonymous_1)","decl":{"start":{"line":13,"column":23},"end":{"line":13,"column":24}},"loc":{"start":{"line":13,"column":30},"end":{"line":32,"column":3}},"line":13},"2":{"name":"(anonymous_2)","decl":{"start":{"line":43,"column":24},"end":{"line":43,"column":25}},"loc":{"start":{"line":43,"column":31},"end":{"line":43,"column":89}},"line":43},"3":{"name":"(anonymous_3)","decl":{"start":{"line":56,"column":24},"end":{"line":56,"column":25}},"loc":{"start":{"line":56,"column":31},"end":{"line":56,"column":87}},"line":56},"4":{"name":"(anonymous_4)","decl":{"start":{"line":69,"column":24},"end":{"line":69,"column":25}},"loc":{"start":{"line":69,"column":31},"end":{"line":69,"column":89}},"line":69},"5":{"name":"(anonymous_5)","decl":{"start":{"line":78,"column":24},"end":{"line":78,"column":25}},"loc":{"start":{"line":78,"column":31},"end":{"line":78,"column":86}},"line":78},"6":{"name":"(anonymous_6)","decl":{"start":{"line":90,"column":24},"end":{"line":90,"column":25}},"loc":{"start":{"line":90,"column":31},"end":{"line":90,"column":82}},"line":90}},"branchMap":{"0":{"loc":{"start":{"line":18,"column":28},"end":{"line":20,"column":22}},"type":"cond-expr","locations":[{"start":{"line":19,"column":8},"end":{"line":19,"column":30}},{"start":{"line":20,"column":8},"end":{"line":20,"column":22}}],"line":18},"1":{"loc":{"start":{"line":96,"column":13},"end":{"line":96,"column":70}},"type":"cond-expr","locations":[{"start":{"line":96,"column":24},"end":{"line":96,"column":51}},{"start":{"line":96,"column":54},"end":{"line":96,"column":70}}],"line":96}},"s":{"0":6,"1":6,"2":1,"3":1,"4":1,"5":1,"6":1,"7":6,"8":1,"9":1,"10":1,"11":1,"12":0},"f":{"0":6,"1":1,"2":1,"3":1,"4":1,"5":1,"6":0},"b":{"0":[0,1],"1":[1,5]},"_coverageSchema":"1a1c01bbd47fc00a2c39e90264f33305004495a9","hash":"62e60fa3ba02a94f293697788032c80ba26d3f62"}
,"G:\\qa-citas-medicas-v2-frontend\\frontend-citas-fhir\\src\\pages\\EspecialidadesPage.jsx": {"path":"G:\\qa-citas-medicas-v2-frontend\\frontend-citas-fhir\\src\\pages\\EspecialidadesPage.jsx","statementMap":{"0":{"start":{"line":5,"column":2},"end":{"line":22,"column":4}},"1":{"start":{"line":12,"column":10},"end":{"line":18,"column":16}}},"fnMap":{"0":{"name":"EspecialidadesPage","decl":{"start":{"line":4,"column":24},"end":{"line":4,"column":42}},"loc":{"start":{"line":4,"column":63},"end":{"line":23,"column":1}},"line":4},"1":{"name":"(anonymous_1)","decl":{"start":{"line":11,"column":27},"end":{"line":11,"column":28}},"loc":{"start":{"line":12,"column":10},"end":{"line":18,"column":16}},"line":12}},"branchMap":{"0":{"loc":{"start":{"line":8,"column":7},"end":{"line":20,"column":7}},"type":"cond-expr","locations":[{"start":{"line":9,"column":8},"end":{"line":9,"column":94}},{"start":{"line":11,"column":8},"end":{"line":19,"column":10}}],"line":8},"1":{"loc":{"start":{"line":15,"column":51},"end":{"line":15,"column":68}},"type":"binary-expr","locations":[{"start":{"line":15,"column":51},"end":{"line":15,"column":61}},{"start":{"line":15,"column":65},"end":{"line":15,"column":68}}],"line":15}},"s":{"0":1,"1":2},"f":{"0":1,"1":2},"b":{"0":[0,1],"1":[2,0]},"_coverageSchema":"1a1c01bbd47fc00a2c39e90264f33305004495a9","hash":"1ae8c7f699da989e0210ebaa37afa572818bef9a"}
,"G:\\qa-citas-medicas-v2-frontend\\frontend-citas-fhir\\src\\pages\\LoginPage.jsx": {"path":"G:\\qa-citas-medicas-v2-frontend\\frontend-citas-fhir\\src\\pages\\LoginPage.jsx","statementMap":{"0":{"start":{"line":4,"column":30},"end":{"line":4,"column":52}},"1":{"start":{"line":5,"column":30},"end":{"line":5,"column":52}},"2":{"start":{"line":7,"column":23},"end":{"line":12,"column":3}},"3":{"start":{"line":8,"column":4},"end":{"line":8,"column":23}},"4":{"start":{"line":9,"column":4},"end":{"line":11,"column":5}},"5":{"start":{"line":10,"column":6},"end":{"line":10,"column":34}},"6":{"start":{"line":14,"column":2},"end":{"line":39,"column":4}},"7":{"start":{"line":23,"column":29},"end":{"line":23,"column":54}},"8":{"start":{"line":32,"column":29},"end":{"line":32,"column":54}}},"fnMap":{"0":{"name":"LoginPage","decl":{"start":{"line":3,"column":24},"end":{"line":3,"column":33}},"loc":{"start":{"line":3,"column":47},"end":{"line":40,"column":1}},"line":3},"1":{"name":"(anonymous_1)","decl":{"start":{"line":7,"column":23},"end":{"line":7,"column":24}},"loc":{"start":{"line":7,"column":30},"end":{"line":12,"column":3}},"line":7},"2":{"name":"(anonymous_2)","decl":{"start":{"line":23,"column":22},"end":{"line":23,"column":23}},"loc":{"start":{"line":23,"column":29},"end":{"line":23,"column":54}},"line":23},"3":{"name":"(anonymous_3)","decl":{"start":{"line":32,"column":22},"end":{"line":32,"column":23}},"loc":{"start":{"line":32,"column":29},"end":{"line":32,"column":54}},"line":32}},"branchMap":{"0":{"loc":{"start":{"line":9,"column":4},"end":{"line":11,"column":5}},"type":"if","locations":[{"start":{"line":9,"column":4},"end":{"line":11,"column":5}},{"start":{},"end":{}}],"line":9},"1":{"loc":{"start":{"line":9,"column":8},"end":{"line":9,"column":24}},"type":"binary-expr","locations":[{"start":{"line":9,"column":8},"end":{"line":9,"column":14}},{"start":{"line":9,"column":18},"end":{"line":9,"column":24}}],"line":9}},"s":{"0":2,"1":2,"2":2,"3":1,"4":1,"5":1,"6":2,"7":0,"8":0},"f":{"0":2,"1":1,"2":0,"3":0},"b":{"0":[1,0],"1":[1,1]},"_coverageSchema":"1a1c01bbd47fc00a2c39e90264f33305004495a9","hash":"db51f07ceec5b009b746169b4a6a40b1ce5ce0b4"}
,"G:\\qa-citas-medicas-v2-frontend\\frontend-citas-fhir\\src\\pages\\MisCitasPage.jsx": {"path":"G:\\qa-citas-medicas-v2-frontend\\frontend-citas-fhir\\src\\pages\\MisCitasPage.jsx","statementMap":{"0":{"start":{"line":4,"column":2},"end":{"line":42,"column":4}},"1":{"start":{"line":15,"column":30},"end":{"line":15,"column":70}},"2":{"start":{"line":16,"column":10},"end":{"line":38,"column":12}},"3":{"start":{"line":32,"column":33},"end":{"line":32,"column":52}}},"fnMap":{"0":{"name":"MisCitasPage","decl":{"start":{"line":3,"column":24},"end":{"line":3,"column":36}},"loc":{"start":{"line":3,"column":73},"end":{"line":43,"column":1}},"line":3},"1":{"name":"(anonymous_1)","decl":{"start":{"line":14,"column":21},"end":{"line":14,"column":22}},"loc":{"start":{"line":14,"column":31},"end":{"line":39,"column":9}},"line":14},"2":{"name":"(anonymous_2)","decl":{"start":{"line":32,"column":27},"end":{"line":32,"column":28}},"loc":{"start":{"line":32,"column":33},"end":{"line":32,"column":52}},"line":32}},"branchMap":{"0":{"loc":{"start":{"line":7,"column":7},"end":{"line":40,"column":7}},"type":"cond-expr","locations":[{"start":{"line":8,"column":8},"end":{"line":8,"column":111}},{"start":{"line":9,"column":10},"end":{"line":40,"column":7}}],"line":7},"1":{"loc":{"start":{"line":9,"column":10},"end":{"line":40,"column":7}},"type":"cond-expr","locations":[{"start":{"line":10,"column":8},"end":{"line":12,"column":14}},{"start":{"line":14,"column":8},"end":{"line":39,"column":10}}],"line":9},"2":{"loc":{"start":{"line":20,"column":42},"end":{"line":20,"column":90}},"type":"cond-expr","locations":[{"start":{"line":20,"column":56},"end":{"line":20,"column":73}},{"start":{"line":20,"column":76},"end":{"line":20,"column":90}}],"line":20},"3":{"loc":{"start":{"line":21,"column":19},"end":{"line":21,"column":55}},"type":"cond-expr","locations":[{"start":{"line":21,"column":33},"end":{"line":21,"column":44}},{"start":{"line":21,"column":47},"end":{"line":21,"column":55}}],"line":21},"4":{"loc":{"start":{"line":28,"column":15},"end":{"line":36,"column":15}},"type":"binary-expr","locations":[{"start":{"line":28,"column":15},"end":{"line":28,"column":27}},{"start":{"line":29,"column":16},"end":{"line":35,"column":25}}],"line":28}},"s":{"0":4,"1":4,"2":4,"3":1},"f":{"0":4,"1":4,"2":1},"b":{"0":[1,3],"1":[1,2],"2":[2,2],"3":[2,2],"4":[4,2]},"_coverageSchema":"1a1c01bbd47fc00a2c39e90264f33305004495a9","hash":"99ec114cddd2bfe917ccbefeb1c95b2057665bf5"}
}
