TN:
SF:src\pages\AgendarPage.jsx
FN:3,AgendarPage
FN:13,(anonymous_1)
FN:27,(anonymous_2)
FN:40,(anonymous_3)
FN:53,(anonymous_4)
FN:62,(anonymous_5)
FN:74,(anonymous_6)
FNF:7
FNH:6
FNDA:6,AgendarPage
FNDA:1,(anonymous_1)
FNDA:1,(anonymous_2)
FNDA:1,(anonymous_3)
FNDA:1,(anonymous_4)
FNDA:1,(anonymous_5)
FNDA:0,(anonymous_6)
DA:4,6
DA:13,6
DA:14,1
DA:15,1
DA:18,6
DA:27,1
DA:40,1
DA:53,1
DA:62,1
DA:74,0
LF:10
LH:9
BRDA:80,0,0,1
BRDA:80,0,1,5
BRF:2
BRH:2
end_of_record
TN:
SF:src\pages\EspecialidadesPage.jsx
FN:4,EspecialidadesPage
FN:11,(anonymous_1)
FNF:2
FNH:2
FNDA:1,EspecialidadesPage
FNDA:2,(anonymous_1)
DA:5,1
DA:12,2
LF:2
LH:2
BRDA:8,0,0,0
BRDA:8,0,1,1
BRDA:15,1,0,2
BRDA:15,1,1,0
BRF:4
BRH:2
end_of_record
TN:
SF:src\pages\LoginPage.jsx
FN:3,LoginPage
FN:7,(anonymous_1)
FN:23,(anonymous_2)
FN:32,(anonymous_3)
FNF:4
FNH:2
FNDA:2,LoginPage
FNDA:1,(anonymous_1)
FNDA:0,(anonymous_2)
FNDA:0,(anonymous_3)
DA:4,2
DA:5,2
DA:7,2
DA:8,1
DA:9,1
DA:10,1
DA:14,2
DA:23,0
DA:32,0
LF:9
LH:7
BRDA:9,0,0,1
BRDA:9,0,1,0
BRDA:9,1,0,1
BRDA:9,1,1,1
BRF:4
BRH:3
end_of_record
TN:
SF:src\pages\MisCitasPage.jsx
FN:3,MisCitasPage
FN:14,(anonymous_1)
FN:32,(anonymous_2)
FNF:3
FNH:3
FNDA:4,MisCitasPage
FNDA:4,(anonymous_1)
FNDA:1,(anonymous_2)
DA:4,4
DA:15,4
DA:16,4
DA:32,1
LF:4
LH:4
BRDA:7,0,0,1
BRDA:7,0,1,3
BRDA:9,1,0,1
BRDA:9,1,1,2
BRDA:20,2,0,2
BRDA:20,2,1,2
BRDA:21,3,0,2
BRDA:21,3,1,2
BRDA:28,4,0,4
BRDA:28,4,1,2
BRF:10
BRH:10
end_of_record
